version： 1.0.0

1:以上交所版本为基础版本

2: 会议模块为浦发的新会议模块（议程可编辑，时间顺延，页面跳转bug,日期时间控件bug）

3:新增上传图片，视频功能，分配文件筛选功能

version:1.0.1

1:合议模块增加新建和删除功能

2:终端模块增加主持位功能

version:1.0.2

1: 增加用户登陆模块及session机制

2: 新增人员库字段（单位，姓名，职务，账号，密码，角色）

3: 合议与会议绑定

version:1.0.3

1: 会议模块增加查询会议日历功能，可根据时间，会议名，议题名，汇报人，进行模糊查询，根据时间排序（正序，倒序）

2：增加上传文件音频类型,mp3

3：参会人员可筛选、模糊查询

4：可查看会议详细内容，打开查看会议文件(视频格式为下载)

version:1.0.4

1：update-建会未分配参会人员无法进行下一步

2：add-会议编辑页面参会人员编辑功能

3：update-将全部关机指令改为向软服务发，字段poweroff改为shutdown

4：update-将终端管理位主持位功能屏蔽

5：update-修改编辑页面name,time刷新不保存BUG

version:1.0.5

1: add-meeting模块下agenda中记名表决项功能

2: update-议程名过长时显示由title改为换行

3: update-修复360浏览器兼容模式下显示BUG